[master a5d0b57] Thu May  6 06:44:05 UTC 2021
 6 files changed, 406 insertions(+), 406 deletions(-)
 rewrite data/security_title_url.csv (64%)
 rewrite data/sub_postshow.txt (89%)
 create mode 100644 seit_git.log
[master ae2458c] Fri May  7 00:44:04 UTC 2021
 5 files changed, 406 insertions(+), 406 deletions(-)
 rewrite data/security_title_url.csv (61%)
[master da41192] Fri May  7 18:44:05 UTC 2021
 4 files changed, 206 insertions(+), 200 deletions(-)
 rewrite data/sub_postshow.txt (89%)
[master c8e50fa] Sat May  8 00:44:04 UTC 2021
 5 files changed, 221 insertions(+), 221 deletions(-)
 rewrite data/sub_postshow.txt (89%)
[master 6a7a2da] Sat May  8 06:44:04 UTC 2021
 6 files changed, 215 insertions(+), 209 deletions(-)
 rewrite data/sub_postshow.txt (61%)
[master 7e36707] Sat May  8 12:44:04 UTC 2021
 5 files changed, 119 insertions(+), 119 deletions(-)
 rewrite data/sub_postshow.txt (88%)
[master 31078fb] Sat May  8 18:44:04 UTC 2021
 6 files changed, 208 insertions(+), 210 deletions(-)
 rewrite data/sub_postshow.txt (72%)
[master 9b81940] Sun May  9 00:44:04 UTC 2021
 5 files changed, 136 insertions(+), 149 deletions(-)
 rewrite data/sub_postshow.txt (60%)
[master 64f4ce7] Sun May  9 06:44:05 UTC 2021
 5 files changed, 239 insertions(+), 195 deletions(-)
 rewrite data/security_title_url.csv (99%)
 rewrite data/sub_postshow.txt (90%)
[master 3fef95d] Sun May  9 12:44:05 UTC 2021
 5 files changed, 197 insertions(+), 198 deletions(-)
 rewrite data/security_title_url.csv (91%)
 rewrite data/sub_postshow.txt (89%)
[master 64742a5] Sun May  9 18:44:05 UTC 2021
 2 files changed, 2 insertions(+), 1 deletion(-)
[master 81b3287] Mon May 10 00:44:06 UTC 2021
 3 files changed, 33 insertions(+), 30 deletions(-)
 rewrite data/sub_postshow.txt (88%)
[master 218f714] Mon May 10 02:45:24 UTC 2021
 3 files changed, 30 insertions(+), 22 deletions(-)
[master 3a2ed08] Mon May 10 06:44:05 UTC 2021
 1 file changed, 1 insertion(+), 1 deletion(-)
 rewrite data/sub_postshow.txt (90%)
[master 6025a23] Mon May 10 12:44:05 UTC 2021
 2 files changed, 4 insertions(+), 1 deletion(-)
 rewrite data/sub_postshow.txt (89%)
[master 814638e] Mon May 10 18:44:04 UTC 2021
 2 files changed, 4 insertions(+), 1 deletion(-)
 rewrite data/sub_postshow.txt (70%)
[master bd043e4] Tue May 11 00:44:05 UTC 2021
 2 files changed, 4 insertions(+), 1 deletion(-)
 rewrite data/sub_postshow.txt (69%)
[master 46eef0b] Tue May 11 06:44:05 UTC 2021
 3 files changed, 4 insertions(+), 1 deletion(-)
 rewrite data/sub_postshow.txt (72%)
[master eaf9658] Tue May 11 12:44:06 UTC 2021
 2 files changed, 4 insertions(+), 1 deletion(-)
 rewrite data/sub_postshow.txt (89%)
[master 74d1ab9] Tue May 11 18:44:04 UTC 2021
 4 files changed, 6 insertions(+), 1 deletion(-)
 rewrite data/sub_postshow.txt (89%)
[master 478d079] Wed May 12 00:44:05 UTC 2021
 6 files changed, 74 insertions(+), 61 deletions(-)
 rewrite data/sub_postshow.txt (69%)
[master fe75552] Wed May 12 06:44:05 UTC 2021
 5 files changed, 53 insertions(+), 46 deletions(-)
 rewrite data/sub_postshow.txt (89%)
[master 92fcce5] Wed May 12 12:44:05 UTC 2021
 4 files changed, 48 insertions(+), 41 deletions(-)
 rewrite data/sub_postshow.txt (90%)
[master 52c459e] Wed May 12 18:44:04 UTC 2021
 4 files changed, 37 insertions(+), 30 deletions(-)
[master 41dcfba] Thu May 13 00:44:05 UTC 2021
 5 files changed, 85 insertions(+), 75 deletions(-)
 rewrite data/sub_postshow.txt (88%)
[master c3aa5bd] Thu May 13 06:44:07 UTC 2021
 4 files changed, 57 insertions(+), 52 deletions(-)
 rewrite data/sub_postshow.txt (87%)
[master 9f0b624] Thu May 13 12:44:04 UTC 2021
 4 files changed, 46 insertions(+), 41 deletions(-)
 rewrite data/sub_postshow.txt (88%)
[master 861269f] Thu May 13 18:44:05 UTC 2021
 4 files changed, 79 insertions(+), 75 deletions(-)
 rewrite data/sub_postshow.txt (90%)
[master 7a806dc] Fri May 14 00:44:05 UTC 2021
 5 files changed, 82 insertions(+), 72 deletions(-)
[master 951de8f] Fri May 14 06:44:05 UTC 2021
 4 files changed, 56 insertions(+), 53 deletions(-)
[master ca23c78] Fri May 14 12:44:05 UTC 2021
 4 files changed, 53 insertions(+), 49 deletions(-)
[master 265a18e] Fri May 14 18:44:04 UTC 2021
 5 files changed, 99 insertions(+), 91 deletions(-)
[master d197718] Sat May 15 00:44:04 UTC 2021
 4 files changed, 57 insertions(+), 52 deletions(-)
[master a55f2d8] Sat May 15 06:44:04 UTC 2021
 4 files changed, 61 insertions(+), 58 deletions(-)
[master ee3fbfc] Sat May 15 12:44:04 UTC 2021
 3 files changed, 51 insertions(+), 47 deletions(-)
[master 62ac7a4] Sat May 15 18:44:04 UTC 2021
 4 files changed, 46 insertions(+), 42 deletions(-)
[master 3f85e0f] Sun May 16 00:44:04 UTC 2021
 6 files changed, 128 insertions(+), 123 deletions(-)
[master 6d96977] Sun May 16 06:44:04 UTC 2021
 4 files changed, 85 insertions(+), 81 deletions(-)
[master 68e1dde] Sun May 16 12:44:05 UTC 2021
 4 files changed, 52 insertions(+), 61 deletions(-)
[master 68eaf66] Sun May 16 18:44:05 UTC 2021
 4 files changed, 64 insertions(+), 68 deletions(-)
[master 59db317] Mon May 17 00:44:05 UTC 2021
 5 files changed, 93 insertions(+), 84 deletions(-)
[master 11f7453] Mon May 17 06:44:05 UTC 2021
 5 files changed, 89 insertions(+), 85 deletions(-)
[master 1b6540a] Mon May 17 12:44:05 UTC 2021
 6 files changed, 99 insertions(+), 93 deletions(-)
[master 854153c] Mon May 17 18:44:05 UTC 2021
 4 files changed, 81 insertions(+), 82 deletions(-)
